1270011412665495 LiveUpdate 2014-10-07 10:04:55 MERCHANT=P120701
1270011412665495 LiveUpdate 2014-10-07 10:04:55 ORDER_REF=1270011412665495
1270011412665495 LiveUpdate 2014-10-07 10:04:55 ORDER_DATE=2014-10-07 10:04:55
1270011412665495 LiveUpdate 2014-10-07 10:04:55 ORDER_PNAME=Lorem 1
1270011412665495 LiveUpdate 2014-10-07 10:04:55 ORDER_PNAME=Duis 2
1270011412665495 LiveUpdate 2014-10-07 10:04:55 ORDER_PCODE=sku0001
1270011412665495 LiveUpdate 2014-10-07 10:04:55 ORDER_PCODE=sku0002
1270011412665495 LiveUpdate 2014-10-07 10:04:55 ORDER_PINFO=Lorem ipsum dolor sit amet
1270011412665495 LiveUpdate 2014-10-07 10:04:55 ORDER_PINFO=Duis aute irure dolor
1270011412665495 LiveUpdate 2014-10-07 10:04:55 ORDER_PRICE=1311
1270011412665495 LiveUpdate 2014-10-07 10:04:55 ORDER_PRICE=1123
1270011412665495 LiveUpdate 2014-10-07 10:04:55 ORDER_QTY=1
1270011412665495 LiveUpdate 2014-10-07 10:04:55 ORDER_QTY=2
1270011412665495 LiveUpdate 2014-10-07 10:04:55 ORDER_VAT=0
1270011412665495 LiveUpdate 2014-10-07 10:04:55 ORDER_VAT=0
1270011412665495 LiveUpdate 2014-10-07 10:04:55 PRICES_CURRENCY=HUF
1270011412665495 LiveUpdate 2014-10-07 10:04:55 ORDER_SHIPPING=0
1270011412665495 LiveUpdate 2014-10-07 10:04:55 DISCOUNT=200
1270011412665495 LiveUpdate 2014-10-07 10:04:55 PAY_METHOD=
1270011412665495 LiveUpdate 2014-10-07 10:04:55 LANGUAGE=HU
1270011412665495 LiveUpdate 2014-10-07 10:04:55 AUTOMODE=0
1270011412665495 LiveUpdate 2014-10-07 10:04:55 ORDER_TIMEOUT=900
1270011412665495 LiveUpdate 2014-10-07 10:04:55 TIMEOUT_URL=http://goodiebox.priv/timeout.php
1270011412665495 LiveUpdate 2014-10-07 10:04:55 BACK_REF=http://goodiebox.priv/backref.php
1270011412665495 LiveUpdate 2014-10-07 10:04:55 BILL_FNAME=PayU
1270011412665495 LiveUpdate 2014-10-07 10:04:55 BILL_LNAME=Tester
1270011412665495 LiveUpdate 2014-10-07 10:04:55 BILL_EMAIL=payu.tester@example.com
1270011412665495 LiveUpdate 2014-10-07 10:04:55 BILL_PHONE=36201234567
1270011412665495 LiveUpdate 2014-10-07 10:04:55 BILL_ADDRESS=First line address
1270011412665495 LiveUpdate 2014-10-07 10:04:55 BILL_ADDRESS2=Second line address
1270011412665495 LiveUpdate 2014-10-07 10:04:55 BILL_ZIPCODE=1234
1270011412665495 LiveUpdate 2014-10-07 10:04:55 BILL_CITY=City
1270011412665495 LiveUpdate 2014-10-07 10:04:55 BILL_STATE=State
1270011412665495 LiveUpdate 2014-10-07 10:04:55 BILL_COUNTRYCODE=HU
1270011412665495 LiveUpdate 2014-10-07 10:04:55 DELIVERY_FNAME=PayU
1270011412665495 LiveUpdate 2014-10-07 10:04:55 DELIVERY_LNAME=Tester
1270011412665495 LiveUpdate 2014-10-07 10:04:55 DELIVERY_PHONE=36201234567
1270011412665495 LiveUpdate 2014-10-07 10:04:55 DELIVERY_ADDRESS=First line address
1270011412665495 LiveUpdate 2014-10-07 10:04:55 DELIVERY_ADDRESS2=Second line address
1270011412665495 LiveUpdate 2014-10-07 10:04:55 DELIVERY_ZIPCODE=1234
1270011412665495 LiveUpdate 2014-10-07 10:04:55 DELIVERY_CITY=City
1270011412665495 LiveUpdate 2014-10-07 10:04:55 DELIVERY_STATE=State
1270011412665495 LiveUpdate 2014-10-07 10:04:55 DELIVERY_COUNTRYCODE=HU
1270011412665495 LiveUpdate 2014-10-07 10:04:55 ORDER_HASH=107b5569df671ddfe5d1d9229432de61
1270011412665864 LiveUpdate 2014-10-07 10:11:04 MERCHANT=P120701
1270011412665864 LiveUpdate 2014-10-07 10:11:04 ORDER_REF=1270011412665864
1270011412665864 LiveUpdate 2014-10-07 10:11:04 ORDER_DATE=2014-10-07 10:11:04
1270011412665864 LiveUpdate 2014-10-07 10:11:04 ORDER_PNAME=Lorem 1
1270011412665864 LiveUpdate 2014-10-07 10:11:04 ORDER_PNAME=Duis 2
1270011412665864 LiveUpdate 2014-10-07 10:11:04 ORDER_PCODE=sku0001
1270011412665864 LiveUpdate 2014-10-07 10:11:04 ORDER_PCODE=sku0002
1270011412665864 LiveUpdate 2014-10-07 10:11:04 ORDER_PINFO=Lorem ipsum dolor sit amet
1270011412665864 LiveUpdate 2014-10-07 10:11:04 ORDER_PINFO=Duis aute irure dolor
1270011412665864 LiveUpdate 2014-10-07 10:11:04 ORDER_PRICE=1311
1270011412665864 LiveUpdate 2014-10-07 10:11:04 ORDER_PRICE=1123
1270011412665864 LiveUpdate 2014-10-07 10:11:04 ORDER_QTY=1
1270011412665864 LiveUpdate 2014-10-07 10:11:04 ORDER_QTY=2
1270011412665864 LiveUpdate 2014-10-07 10:11:04 ORDER_VAT=0
1270011412665864 LiveUpdate 2014-10-07 10:11:04 ORDER_VAT=0
1270011412665864 LiveUpdate 2014-10-07 10:11:04 PRICES_CURRENCY=HUF
1270011412665864 LiveUpdate 2014-10-07 10:11:04 ORDER_SHIPPING=0
1270011412665864 LiveUpdate 2014-10-07 10:11:04 DISCOUNT=200
1270011412665864 LiveUpdate 2014-10-07 10:11:04 PAY_METHOD=
1270011412665864 LiveUpdate 2014-10-07 10:11:04 LANGUAGE=HU
1270011412665864 LiveUpdate 2014-10-07 10:11:04 AUTOMODE=0
1270011412665864 LiveUpdate 2014-10-07 10:11:04 ORDER_TIMEOUT=900
1270011412665864 LiveUpdate 2014-10-07 10:11:04 TIMEOUT_URL=http://goodiebox.priv/timeout.php
1270011412665864 LiveUpdate 2014-10-07 10:11:04 BACK_REF=http://goodiebox.priv/backref.php
1270011412665864 LiveUpdate 2014-10-07 10:11:04 BILL_FNAME=PayU
1270011412665864 LiveUpdate 2014-10-07 10:11:04 BILL_LNAME=Tester
1270011412665864 LiveUpdate 2014-10-07 10:11:04 BILL_EMAIL=payu.tester@example.com
1270011412665864 LiveUpdate 2014-10-07 10:11:04 BILL_PHONE=36201234567
1270011412665864 LiveUpdate 2014-10-07 10:11:04 BILL_ADDRESS=First line address
1270011412665864 LiveUpdate 2014-10-07 10:11:04 BILL_ADDRESS2=Second line address
1270011412665864 LiveUpdate 2014-10-07 10:11:04 BILL_ZIPCODE=1234
1270011412665864 LiveUpdate 2014-10-07 10:11:04 BILL_CITY=City
1270011412665864 LiveUpdate 2014-10-07 10:11:04 BILL_STATE=State
1270011412665864 LiveUpdate 2014-10-07 10:11:04 BILL_COUNTRYCODE=HU
1270011412665864 LiveUpdate 2014-10-07 10:11:04 DELIVERY_FNAME=PayU
1270011412665864 LiveUpdate 2014-10-07 10:11:04 DELIVERY_LNAME=Tester
1270011412665864 LiveUpdate 2014-10-07 10:11:04 DELIVERY_PHONE=36201234567
1270011412665864 LiveUpdate 2014-10-07 10:11:04 DELIVERY_ADDRESS=First line address
1270011412665864 LiveUpdate 2014-10-07 10:11:04 DELIVERY_ADDRESS2=Second line address
1270011412665864 LiveUpdate 2014-10-07 10:11:04 DELIVERY_ZIPCODE=1234
1270011412665864 LiveUpdate 2014-10-07 10:11:04 DELIVERY_CITY=City
1270011412665864 LiveUpdate 2014-10-07 10:11:04 DELIVERY_STATE=State
1270011412665864 LiveUpdate 2014-10-07 10:11:04 DELIVERY_COUNTRYCODE=HU
1270011412665864 LiveUpdate 2014-10-07 10:11:04 ORDER_HASH=e5cf88b5736e33f0d3a5e095a2025908
1270011412681154 LiveUpdate 2014-10-07 14:25:54 MERCHANT=P120701
1270011412681154 LiveUpdate 2014-10-07 14:25:54 ORDER_REF=1270011412681154
1270011412681154 LiveUpdate 2014-10-07 14:25:54 ORDER_DATE=2014-10-07 14:25:54
1270011412681154 LiveUpdate 2014-10-07 14:25:54 ORDER_PNAME=Lorem 1
1270011412681154 LiveUpdate 2014-10-07 14:25:54 ORDER_PNAME=Duis 2
1270011412681154 LiveUpdate 2014-10-07 14:25:54 ORDER_PCODE=sku0001
1270011412681154 LiveUpdate 2014-10-07 14:25:54 ORDER_PCODE=sku0002
1270011412681154 LiveUpdate 2014-10-07 14:25:54 ORDER_PINFO=Lorem ipsum dolor sit amet
1270011412681154 LiveUpdate 2014-10-07 14:25:54 ORDER_PINFO=Duis aute irure dolor
1270011412681154 LiveUpdate 2014-10-07 14:25:54 ORDER_PRICE=1311
1270011412681154 LiveUpdate 2014-10-07 14:25:54 ORDER_PRICE=1123
1270011412681154 LiveUpdate 2014-10-07 14:25:54 ORDER_QTY=1
1270011412681154 LiveUpdate 2014-10-07 14:25:54 ORDER_QTY=2
1270011412681154 LiveUpdate 2014-10-07 14:25:54 ORDER_VAT=0
1270011412681154 LiveUpdate 2014-10-07 14:25:54 ORDER_VAT=0
1270011412681154 LiveUpdate 2014-10-07 14:25:54 PRICES_CURRENCY=HUF
1270011412681154 LiveUpdate 2014-10-07 14:25:54 ORDER_SHIPPING=0
1270011412681154 LiveUpdate 2014-10-07 14:25:54 DISCOUNT=200
1270011412681154 LiveUpdate 2014-10-07 14:25:54 PAY_METHOD=
1270011412681154 LiveUpdate 2014-10-07 14:25:54 LANGUAGE=HU
1270011412681154 LiveUpdate 2014-10-07 14:25:54 AUTOMODE=0
1270011412681154 LiveUpdate 2014-10-07 14:25:54 ORDER_TIMEOUT=900
1270011412681154 LiveUpdate 2014-10-07 14:25:54 TIMEOUT_URL=http://goodiebox.priv/timeout.php
1270011412681154 LiveUpdate 2014-10-07 14:25:54 BACK_REF=http://goodiebox.priv/backref.php
1270011412681154 LiveUpdate 2014-10-07 14:25:54 BILL_FNAME=PayU
1270011412681154 LiveUpdate 2014-10-07 14:25:54 BILL_LNAME=Tester
1270011412681154 LiveUpdate 2014-10-07 14:25:54 BILL_EMAIL=payu.tester@example.com
1270011412681154 LiveUpdate 2014-10-07 14:25:54 BILL_PHONE=36201234567
1270011412681154 LiveUpdate 2014-10-07 14:25:54 BILL_ADDRESS=First line address
1270011412681154 LiveUpdate 2014-10-07 14:25:54 BILL_ADDRESS2=Second line address
1270011412681154 LiveUpdate 2014-10-07 14:25:54 BILL_ZIPCODE=1234
1270011412681154 LiveUpdate 2014-10-07 14:25:54 BILL_CITY=City
1270011412681154 LiveUpdate 2014-10-07 14:25:54 BILL_STATE=State
1270011412681154 LiveUpdate 2014-10-07 14:25:54 BILL_COUNTRYCODE=HU
1270011412681154 LiveUpdate 2014-10-07 14:25:54 DELIVERY_FNAME=PayU
1270011412681154 LiveUpdate 2014-10-07 14:25:54 DELIVERY_LNAME=Tester
1270011412681154 LiveUpdate 2014-10-07 14:25:54 DELIVERY_PHONE=36201234567
1270011412681154 LiveUpdate 2014-10-07 14:25:54 DELIVERY_ADDRESS=First line address
1270011412681154 LiveUpdate 2014-10-07 14:25:54 DELIVERY_ADDRESS2=Second line address
1270011412681154 LiveUpdate 2014-10-07 14:25:54 DELIVERY_ZIPCODE=1234
1270011412681154 LiveUpdate 2014-10-07 14:25:54 DELIVERY_CITY=City
1270011412681154 LiveUpdate 2014-10-07 14:25:54 DELIVERY_STATE=State
1270011412681154 LiveUpdate 2014-10-07 14:25:54 DELIVERY_COUNTRYCODE=HU
1270011412681154 LiveUpdate 2014-10-07 14:25:54 ORDER_HASH=40e6640536ee3f809a2395cb55da6ad0
