192168021412611177 LiveUpdate 2014-10-06 18:59:37 MERCHANT=P120701
192168021412611177 LiveUpdate 2014-10-06 18:59:37 ORDER_REF=192168021412611177
192168021412611177 LiveUpdate 2014-10-06 18:59:37 ORDER_DATE=2014-10-06 18:59:37
192168021412611177 LiveUpdate 2014-10-06 18:59:37 ORDER_PNAME=Lorem 1
192168021412611177 LiveUpdate 2014-10-06 18:59:37 ORDER_PNAME=Duis 2
192168021412611177 LiveUpdate 2014-10-06 18:59:37 ORDER_PCODE=sku0001
192168021412611177 LiveUpdate 2014-10-06 18:59:37 ORDER_PCODE=sku0002
192168021412611177 LiveUpdate 2014-10-06 18:59:37 ORDER_PINFO=Lorem ipsum dolor sit amet
192168021412611177 LiveUpdate 2014-10-06 18:59:37 ORDER_PINFO=Duis aute irure dolor
192168021412611177 LiveUpdate 2014-10-06 18:59:37 ORDER_PRICE=1311
192168021412611177 LiveUpdate 2014-10-06 18:59:37 ORDER_PRICE=1123
192168021412611177 LiveUpdate 2014-10-06 18:59:37 ORDER_QTY=1
192168021412611177 LiveUpdate 2014-10-06 18:59:37 ORDER_QTY=2
192168021412611177 LiveUpdate 2014-10-06 18:59:37 ORDER_VAT=0
192168021412611177 LiveUpdate 2014-10-06 18:59:37 ORDER_VAT=0
192168021412611177 LiveUpdate 2014-10-06 18:59:37 PRICES_CURRENCY=HUF
192168021412611177 LiveUpdate 2014-10-06 18:59:37 ORDER_SHIPPING=0
192168021412611177 LiveUpdate 2014-10-06 18:59:37 DISCOUNT=200
192168021412611177 LiveUpdate 2014-10-06 18:59:37 PAY_METHOD=
192168021412611177 LiveUpdate 2014-10-06 18:59:37 LANGUAGE=EN
192168021412611177 LiveUpdate 2014-10-06 18:59:37 AUTOMODE=0
192168021412611177 LiveUpdate 2014-10-06 18:59:37 ORDER_TIMEOUT=3600
192168021412611177 LiveUpdate 2014-10-06 18:59:37 TIMEOUT_URL=http://goodiebox.priv/payu/timeout.php
192168021412611177 LiveUpdate 2014-10-06 18:59:37 BACK_REF=http://goodiebox.priv/payu/backref.php
192168021412611177 LiveUpdate 2014-10-06 18:59:37 BILL_FNAME=PayU
192168021412611177 LiveUpdate 2014-10-06 18:59:37 BILL_LNAME=Tester
192168021412611177 LiveUpdate 2014-10-06 18:59:37 BILL_EMAIL=payu.tester@example.com
192168021412611177 LiveUpdate 2014-10-06 18:59:37 BILL_PHONE=36201234567
192168021412611177 LiveUpdate 2014-10-06 18:59:37 BILL_ADDRESS=First line address
192168021412611177 LiveUpdate 2014-10-06 18:59:37 BILL_ADDRESS2=Second line address
192168021412611177 LiveUpdate 2014-10-06 18:59:37 BILL_ZIPCODE=1234
192168021412611177 LiveUpdate 2014-10-06 18:59:37 BILL_CITY=City
192168021412611177 LiveUpdate 2014-10-06 18:59:37 BILL_STATE=State
192168021412611177 LiveUpdate 2014-10-06 18:59:37 BILL_COUNTRYCODE=HU
192168021412611177 LiveUpdate 2014-10-06 18:59:37 DELIVERY_FNAME=PayU
192168021412611177 LiveUpdate 2014-10-06 18:59:37 DELIVERY_LNAME=Tester
192168021412611177 LiveUpdate 2014-10-06 18:59:37 DELIVERY_PHONE=36201234567
192168021412611177 LiveUpdate 2014-10-06 18:59:37 DELIVERY_ADDRESS=First line address
192168021412611177 LiveUpdate 2014-10-06 18:59:37 DELIVERY_ADDRESS2=Second line address
192168021412611177 LiveUpdate 2014-10-06 18:59:37 DELIVERY_ZIPCODE=1234
192168021412611177 LiveUpdate 2014-10-06 18:59:37 DELIVERY_CITY=City
192168021412611177 LiveUpdate 2014-10-06 18:59:37 DELIVERY_STATE=State
192168021412611177 LiveUpdate 2014-10-06 18:59:37 DELIVERY_COUNTRYCODE=HU
192168021412611177 LiveUpdate 2014-10-06 18:59:37 ORDER_HASH=6e46a2a4c78637715d5e683f71a06211
192168021412611181 LiveUpdate 2014-10-06 18:59:41 MERCHANT=P120701
192168021412611181 LiveUpdate 2014-10-06 18:59:41 ORDER_REF=192168021412611181
192168021412611181 LiveUpdate 2014-10-06 18:59:41 ORDER_DATE=2014-10-06 18:59:41
192168021412611181 LiveUpdate 2014-10-06 18:59:41 ORDER_PNAME=Lorem 1
192168021412611181 LiveUpdate 2014-10-06 18:59:41 ORDER_PNAME=Duis 2
192168021412611181 LiveUpdate 2014-10-06 18:59:41 ORDER_PCODE=sku0001
192168021412611181 LiveUpdate 2014-10-06 18:59:41 ORDER_PCODE=sku0002
192168021412611181 LiveUpdate 2014-10-06 18:59:41 ORDER_PINFO=Lorem ipsum dolor sit amet
192168021412611181 LiveUpdate 2014-10-06 18:59:41 ORDER_PINFO=Duis aute irure dolor
192168021412611181 LiveUpdate 2014-10-06 18:59:41 ORDER_PRICE=1311
192168021412611181 LiveUpdate 2014-10-06 18:59:41 ORDER_PRICE=1123
192168021412611181 LiveUpdate 2014-10-06 18:59:41 ORDER_QTY=1
192168021412611181 LiveUpdate 2014-10-06 18:59:41 ORDER_QTY=2
192168021412611181 LiveUpdate 2014-10-06 18:59:41 ORDER_VAT=0
192168021412611181 LiveUpdate 2014-10-06 18:59:41 ORDER_VAT=0
192168021412611181 LiveUpdate 2014-10-06 18:59:41 PRICES_CURRENCY=HUF
192168021412611181 LiveUpdate 2014-10-06 18:59:41 ORDER_SHIPPING=0
192168021412611181 LiveUpdate 2014-10-06 18:59:41 DISCOUNT=200
192168021412611181 LiveUpdate 2014-10-06 18:59:41 PAY_METHOD=CCVISAMC
192168021412611181 LiveUpdate 2014-10-06 18:59:41 LANGUAGE=EN
192168021412611181 LiveUpdate 2014-10-06 18:59:41 AUTOMODE=1
192168021412611181 LiveUpdate 2014-10-06 18:59:41 ORDER_TIMEOUT=3600
192168021412611181 LiveUpdate 2014-10-06 18:59:41 TIMEOUT_URL=http://goodiebox.priv/payu/timeout.php
192168021412611181 LiveUpdate 2014-10-06 18:59:41 BACK_REF=http://goodiebox.priv/payu/backref.php
192168021412611181 LiveUpdate 2014-10-06 18:59:41 BILL_FNAME=PayU
192168021412611181 LiveUpdate 2014-10-06 18:59:41 BILL_LNAME=Tester
192168021412611181 LiveUpdate 2014-10-06 18:59:41 BILL_EMAIL=payu.tester@example.com
192168021412611181 LiveUpdate 2014-10-06 18:59:41 BILL_PHONE=36201234567
192168021412611181 LiveUpdate 2014-10-06 18:59:41 BILL_ADDRESS=First line address
192168021412611181 LiveUpdate 2014-10-06 18:59:41 BILL_ADDRESS2=Second line address
192168021412611181 LiveUpdate 2014-10-06 18:59:41 BILL_ZIPCODE=1234
192168021412611181 LiveUpdate 2014-10-06 18:59:41 BILL_CITY=City
192168021412611181 LiveUpdate 2014-10-06 18:59:41 BILL_STATE=State
192168021412611181 LiveUpdate 2014-10-06 18:59:41 BILL_COUNTRYCODE=HU
192168021412611181 LiveUpdate 2014-10-06 18:59:41 DELIVERY_FNAME=PayU
192168021412611181 LiveUpdate 2014-10-06 18:59:41 DELIVERY_LNAME=Tester
192168021412611181 LiveUpdate 2014-10-06 18:59:41 DELIVERY_PHONE=36201234567
192168021412611181 LiveUpdate 2014-10-06 18:59:41 DELIVERY_ADDRESS=First line address
192168021412611181 LiveUpdate 2014-10-06 18:59:41 DELIVERY_ADDRESS2=Second line address
192168021412611181 LiveUpdate 2014-10-06 18:59:41 DELIVERY_ZIPCODE=1234
192168021412611181 LiveUpdate 2014-10-06 18:59:41 DELIVERY_CITY=City
192168021412611181 LiveUpdate 2014-10-06 18:59:41 DELIVERY_STATE=State
192168021412611181 LiveUpdate 2014-10-06 18:59:41 DELIVERY_COUNTRYCODE=HU
192168021412611181 LiveUpdate 2014-10-06 18:59:41 ORDER_HASH=ecdb487fffc5c9cbc449eea7b46575e4
192168021412611181 BackRef 2014-10-06 20:47:01 order_ref=192168021412611181
192168021412611181 BackRef 2014-10-06 20:47:01 RC=000
192168021412611181 BackRef 2014-10-06 20:47:01 RT=000 - Approved balances available | SIKER
192168021412611181 BackRef 2014-10-06 20:47:01 3dsecure=NO
192168021412611181 BackRef 2014-10-06 20:47:01 date=2014-10-06 19:47:01
192168021412611181 BackRef 2014-10-06 20:47:01 payrefno=12034695
192168021412611181 BackRef 2014-10-06 20:47:01 ctrl=591c237ddfa14dec6f9ae0d96ce329a6
192168021412611181 BackRef 2014-10-06 20:54:02 order_ref=192168021412611181
192168021412611181 BackRef 2014-10-06 20:54:02 RC=000
192168021412611181 BackRef 2014-10-06 20:54:02 RT=000 - Approved balances available | SIKER
192168021412611181 BackRef 2014-10-06 20:54:02 3dsecure=NO
192168021412611181 BackRef 2014-10-06 20:54:02 date=2014-10-06 19:54:02
192168021412611181 BackRef 2014-10-06 20:54:02 payrefno=12464295
192168021412611181 BackRef 2014-10-06 20:54:02 ctrl=6f7bab3cc265ed044b0bc3c5d23a6fe3
192168021412611181 BackRef 2014-10-06 21:00:46 order_ref=192168021412611181
192168021412611181 BackRef 2014-10-06 21:00:46 RC=000
192168021412611181 BackRef 2014-10-06 21:00:46 RT=000 - Approved balances available | SIKER
192168021412611181 BackRef 2014-10-06 21:00:46 3dsecure=NO
192168021412611181 BackRef 2014-10-06 21:00:46 date=2014-10-06 20:00:47
192168021412611181 BackRef 2014-10-06 21:00:46 payrefno=12156724
192168021412611181 BackRef 2014-10-06 21:00:46 ctrl=4b989de7ff0332a1acab5dad7c615748
192168021412611181 BackRef 2014-10-06 21:01:46 order_ref=192168021412611181
192168021412611181 BackRef 2014-10-06 21:01:46 RC=000
192168021412611181 BackRef 2014-10-06 21:01:46 RT=000 - Approved balances available | SIKER
192168021412611181 BackRef 2014-10-06 21:01:46 3dsecure=NO
192168021412611181 BackRef 2014-10-06 21:01:46 date=2014-10-06 20:00:47
192168021412611181 BackRef 2014-10-06 21:01:46 payrefno=12156724
192168021412611181 BackRef 2014-10-06 21:01:46 ctrl=4b989de7ff0332a1acab5dad7c615748
