1270011412180016 LiveUpdate 2014-10-01 19:13:36 MERCHANT=
1270011412180016 LiveUpdate 2014-10-01 19:13:36 ORDER_REF=1270011412180016
1270011412180016 LiveUpdate 2014-10-01 19:13:36 ORDER_DATE=2014-10-01 19:13:36
1270011412180016 LiveUpdate 2014-10-01 19:13:36 ORDER_PNAME=Lorem 1
1270011412180016 LiveUpdate 2014-10-01 19:13:36 ORDER_PNAME=Duis 2
1270011412180016 LiveUpdate 2014-10-01 19:13:36 ORDER_PCODE=sku0001
1270011412180016 LiveUpdate 2014-10-01 19:13:36 ORDER_PCODE=sku0002
1270011412180016 LiveUpdate 2014-10-01 19:13:36 ORDER_PINFO=Lorem ipsum dolor sit amet
1270011412180016 LiveUpdate 2014-10-01 19:13:36 ORDER_PINFO=Duis aute irure dolor
1270011412180016 LiveUpdate 2014-10-01 19:13:36 ORDER_PRICE=1311
1270011412180016 LiveUpdate 2014-10-01 19:13:36 ORDER_PRICE=1123
1270011412180016 LiveUpdate 2014-10-01 19:13:36 ORDER_QTY=1
1270011412180016 LiveUpdate 2014-10-01 19:13:36 ORDER_QTY=2
1270011412180016 LiveUpdate 2014-10-01 19:13:36 ORDER_VAT=0
1270011412180016 LiveUpdate 2014-10-01 19:13:36 ORDER_VAT=0
1270011412180016 LiveUpdate 2014-10-01 19:13:36 PRICES_CURRENCY=HUF
1270011412180016 LiveUpdate 2014-10-01 19:13:36 ORDER_SHIPPING=0
1270011412180016 LiveUpdate 2014-10-01 19:13:36 DISCOUNT=200
1270011412180016 LiveUpdate 2014-10-01 19:13:36 PAY_METHOD=
1270011412180016 LiveUpdate 2014-10-01 19:13:36 LANGUAGE=HU
1270011412180016 LiveUpdate 2014-10-01 19:13:36 AUTOMODE=0
1270011412180016 LiveUpdate 2014-10-01 19:13:36 ORDER_TIMEOUT=900
1270011412180016 LiveUpdate 2014-10-01 19:13:36 TIMEOUT_URL=http://goodiebox.priv/timeout.php
1270011412180016 LiveUpdate 2014-10-01 19:13:36 BACK_REF=http://goodiebox.priv/backref.php
1270011412180016 LiveUpdate 2014-10-01 19:13:36 BILL_FNAME=PayU
1270011412180016 LiveUpdate 2014-10-01 19:13:36 BILL_LNAME=Tester
1270011412180016 LiveUpdate 2014-10-01 19:13:36 BILL_EMAIL=payu.tester@example.com
1270011412180016 LiveUpdate 2014-10-01 19:13:36 BILL_PHONE=36201234567
1270011412180016 LiveUpdate 2014-10-01 19:13:36 BILL_ADDRESS=First line address
1270011412180016 LiveUpdate 2014-10-01 19:13:36 BILL_ADDRESS2=Second line address
1270011412180016 LiveUpdate 2014-10-01 19:13:36 BILL_ZIPCODE=1234
1270011412180016 LiveUpdate 2014-10-01 19:13:36 BILL_CITY=City
1270011412180016 LiveUpdate 2014-10-01 19:13:36 BILL_STATE=State
1270011412180016 LiveUpdate 2014-10-01 19:13:36 BILL_COUNTRYCODE=HU
1270011412180016 LiveUpdate 2014-10-01 19:13:36 DELIVERY_FNAME=PayU
1270011412180016 LiveUpdate 2014-10-01 19:13:36 DELIVERY_LNAME=Tester
1270011412180016 LiveUpdate 2014-10-01 19:13:36 DELIVERY_PHONE=36201234567
1270011412180016 LiveUpdate 2014-10-01 19:13:36 DELIVERY_ADDRESS=First line address
1270011412180016 LiveUpdate 2014-10-01 19:13:36 DELIVERY_ADDRESS2=Second line address
1270011412180016 LiveUpdate 2014-10-01 19:13:36 DELIVERY_ZIPCODE=1234
1270011412180016 LiveUpdate 2014-10-01 19:13:36 DELIVERY_CITY=City
1270011412180016 LiveUpdate 2014-10-01 19:13:36 DELIVERY_STATE=State
1270011412180016 LiveUpdate 2014-10-01 19:13:36 DELIVERY_COUNTRYCODE=HU
1270011412180016 LiveUpdate 2014-10-01 19:13:36 ORDER_HASH=665f0edd5575a66fb288c0d165328ef8
1270011412180068 LiveUpdate 2014-10-01 19:14:28 MERCHANT=P120701
1270011412180068 LiveUpdate 2014-10-01 19:14:28 ORDER_REF=1270011412180068
1270011412180068 LiveUpdate 2014-10-01 19:14:28 ORDER_DATE=2014-10-01 19:14:28
1270011412180068 LiveUpdate 2014-10-01 19:14:28 ORDER_PNAME=Lorem 1
1270011412180068 LiveUpdate 2014-10-01 19:14:28 ORDER_PNAME=Duis 2
1270011412180068 LiveUpdate 2014-10-01 19:14:28 ORDER_PCODE=sku0001
1270011412180068 LiveUpdate 2014-10-01 19:14:28 ORDER_PCODE=sku0002
1270011412180068 LiveUpdate 2014-10-01 19:14:28 ORDER_PINFO=Lorem ipsum dolor sit amet
1270011412180068 LiveUpdate 2014-10-01 19:14:28 ORDER_PINFO=Duis aute irure dolor
1270011412180068 LiveUpdate 2014-10-01 19:14:28 ORDER_PRICE=1311
1270011412180068 LiveUpdate 2014-10-01 19:14:28 ORDER_PRICE=1123
1270011412180068 LiveUpdate 2014-10-01 19:14:28 ORDER_QTY=1
1270011412180068 LiveUpdate 2014-10-01 19:14:28 ORDER_QTY=2
1270011412180068 LiveUpdate 2014-10-01 19:14:28 ORDER_VAT=0
1270011412180068 LiveUpdate 2014-10-01 19:14:28 ORDER_VAT=0
1270011412180068 LiveUpdate 2014-10-01 19:14:28 PRICES_CURRENCY=HUF
1270011412180068 LiveUpdate 2014-10-01 19:14:28 ORDER_SHIPPING=0
1270011412180068 LiveUpdate 2014-10-01 19:14:28 DISCOUNT=200
1270011412180068 LiveUpdate 2014-10-01 19:14:28 PAY_METHOD=
1270011412180068 LiveUpdate 2014-10-01 19:14:28 LANGUAGE=HU
1270011412180068 LiveUpdate 2014-10-01 19:14:28 AUTOMODE=0
1270011412180068 LiveUpdate 2014-10-01 19:14:28 ORDER_TIMEOUT=900
1270011412180068 LiveUpdate 2014-10-01 19:14:28 TIMEOUT_URL=http://goodiebox.priv/timeout.php
1270011412180068 LiveUpdate 2014-10-01 19:14:28 BACK_REF=http://goodiebox.priv/backref.php
1270011412180068 LiveUpdate 2014-10-01 19:14:28 BILL_FNAME=PayU
1270011412180068 LiveUpdate 2014-10-01 19:14:28 BILL_LNAME=Tester
1270011412180068 LiveUpdate 2014-10-01 19:14:28 BILL_EMAIL=payu.tester@example.com
1270011412180068 LiveUpdate 2014-10-01 19:14:28 BILL_PHONE=36201234567
1270011412180068 LiveUpdate 2014-10-01 19:14:28 BILL_ADDRESS=First line address
1270011412180068 LiveUpdate 2014-10-01 19:14:28 BILL_ADDRESS2=Second line address
1270011412180068 LiveUpdate 2014-10-01 19:14:28 BILL_ZIPCODE=1234
1270011412180068 LiveUpdate 2014-10-01 19:14:28 BILL_CITY=City
1270011412180068 LiveUpdate 2014-10-01 19:14:28 BILL_STATE=State
1270011412180068 LiveUpdate 2014-10-01 19:14:28 BILL_COUNTRYCODE=HU
1270011412180068 LiveUpdate 2014-10-01 19:14:28 DELIVERY_FNAME=PayU
1270011412180068 LiveUpdate 2014-10-01 19:14:28 DELIVERY_LNAME=Tester
1270011412180068 LiveUpdate 2014-10-01 19:14:28 DELIVERY_PHONE=36201234567
1270011412180068 LiveUpdate 2014-10-01 19:14:28 DELIVERY_ADDRESS=First line address
1270011412180068 LiveUpdate 2014-10-01 19:14:28 DELIVERY_ADDRESS2=Second line address
1270011412180068 LiveUpdate 2014-10-01 19:14:28 DELIVERY_ZIPCODE=1234
1270011412180068 LiveUpdate 2014-10-01 19:14:28 DELIVERY_CITY=City
1270011412180068 LiveUpdate 2014-10-01 19:14:28 DELIVERY_STATE=State
1270011412180068 LiveUpdate 2014-10-01 19:14:28 DELIVERY_COUNTRYCODE=HU
1270011412180068 LiveUpdate 2014-10-01 19:14:28 ORDER_HASH=c33fe75beb74d0bb16d99cb65e0816a7
1270011412180080 LiveUpdate 2014-10-01 19:14:40 MERCHANT=P120701
1270011412180080 LiveUpdate 2014-10-01 19:14:40 ORDER_REF=1270011412180080
1270011412180080 LiveUpdate 2014-10-01 19:14:40 ORDER_DATE=2014-10-01 19:14:40
1270011412180080 LiveUpdate 2014-10-01 19:14:40 ORDER_PNAME=Lorem 1
1270011412180080 LiveUpdate 2014-10-01 19:14:40 ORDER_PNAME=Duis 2
1270011412180080 LiveUpdate 2014-10-01 19:14:40 ORDER_PCODE=sku0001
1270011412180080 LiveUpdate 2014-10-01 19:14:40 ORDER_PCODE=sku0002
1270011412180080 LiveUpdate 2014-10-01 19:14:40 ORDER_PINFO=Lorem ipsum dolor sit amet
1270011412180080 LiveUpdate 2014-10-01 19:14:40 ORDER_PINFO=Duis aute irure dolor
1270011412180080 LiveUpdate 2014-10-01 19:14:40 ORDER_PRICE=1311
1270011412180080 LiveUpdate 2014-10-01 19:14:40 ORDER_PRICE=1123
1270011412180080 LiveUpdate 2014-10-01 19:14:40 ORDER_QTY=1
1270011412180080 LiveUpdate 2014-10-01 19:14:40 ORDER_QTY=2
1270011412180080 LiveUpdate 2014-10-01 19:14:40 ORDER_VAT=0
1270011412180080 LiveUpdate 2014-10-01 19:14:40 ORDER_VAT=0
1270011412180080 LiveUpdate 2014-10-01 19:14:40 PRICES_CURRENCY=HUF
1270011412180080 LiveUpdate 2014-10-01 19:14:40 ORDER_SHIPPING=0
1270011412180080 LiveUpdate 2014-10-01 19:14:40 DISCOUNT=200
1270011412180080 LiveUpdate 2014-10-01 19:14:40 PAY_METHOD=CCVISAMC
1270011412180080 LiveUpdate 2014-10-01 19:14:40 LANGUAGE=HU
1270011412180080 LiveUpdate 2014-10-01 19:14:40 AUTOMODE=1
1270011412180080 LiveUpdate 2014-10-01 19:14:40 ORDER_TIMEOUT=900
1270011412180080 LiveUpdate 2014-10-01 19:14:40 TIMEOUT_URL=http://goodiebox.priv/timeout.php
1270011412180080 LiveUpdate 2014-10-01 19:14:40 BACK_REF=http://goodiebox.priv/backref.php
1270011412180080 LiveUpdate 2014-10-01 19:14:40 BILL_FNAME=PayU
1270011412180080 LiveUpdate 2014-10-01 19:14:40 BILL_LNAME=Tester
1270011412180080 LiveUpdate 2014-10-01 19:14:40 BILL_EMAIL=payu.tester@example.com
1270011412180080 LiveUpdate 2014-10-01 19:14:40 BILL_PHONE=36201234567
1270011412180080 LiveUpdate 2014-10-01 19:14:40 BILL_ADDRESS=First line address
1270011412180080 LiveUpdate 2014-10-01 19:14:40 BILL_ADDRESS2=Second line address
1270011412180080 LiveUpdate 2014-10-01 19:14:40 BILL_ZIPCODE=1234
1270011412180080 LiveUpdate 2014-10-01 19:14:40 BILL_CITY=City
1270011412180080 LiveUpdate 2014-10-01 19:14:40 BILL_STATE=State
1270011412180080 LiveUpdate 2014-10-01 19:14:40 BILL_COUNTRYCODE=HU
1270011412180080 LiveUpdate 2014-10-01 19:14:40 DELIVERY_FNAME=PayU
1270011412180080 LiveUpdate 2014-10-01 19:14:40 DELIVERY_LNAME=Tester
1270011412180080 LiveUpdate 2014-10-01 19:14:40 DELIVERY_PHONE=36201234567
1270011412180080 LiveUpdate 2014-10-01 19:14:40 DELIVERY_ADDRESS=First line address
1270011412180080 LiveUpdate 2014-10-01 19:14:40 DELIVERY_ADDRESS2=Second line address
1270011412180080 LiveUpdate 2014-10-01 19:14:40 DELIVERY_ZIPCODE=1234
1270011412180080 LiveUpdate 2014-10-01 19:14:40 DELIVERY_CITY=City
1270011412180080 LiveUpdate 2014-10-01 19:14:40 DELIVERY_STATE=State
1270011412180080 LiveUpdate 2014-10-01 19:14:40 DELIVERY_COUNTRYCODE=HU
1270011412180080 LiveUpdate 2014-10-01 19:14:40 ORDER_HASH=1c24c95943e9fc4a2bc9dcee6194472f
1270011412180098 LiveUpdate 2014-10-01 19:14:58 MERCHANT=P120701
1270011412180098 LiveUpdate 2014-10-01 19:14:58 ORDER_REF=1270011412180098
1270011412180098 LiveUpdate 2014-10-01 19:14:58 ORDER_DATE=2014-10-01 19:14:58
1270011412180098 LiveUpdate 2014-10-01 19:14:58 ORDER_PNAME=Lorem 1
1270011412180098 LiveUpdate 2014-10-01 19:14:58 ORDER_PNAME=Duis 2
1270011412180098 LiveUpdate 2014-10-01 19:14:58 ORDER_PCODE=sku0001
1270011412180098 LiveUpdate 2014-10-01 19:14:58 ORDER_PCODE=sku0002
1270011412180098 LiveUpdate 2014-10-01 19:14:58 ORDER_PINFO=Lorem ipsum dolor sit amet
1270011412180098 LiveUpdate 2014-10-01 19:14:58 ORDER_PINFO=Duis aute irure dolor
1270011412180098 LiveUpdate 2014-10-01 19:14:58 ORDER_PRICE=1311
1270011412180098 LiveUpdate 2014-10-01 19:14:58 ORDER_PRICE=1123
1270011412180098 LiveUpdate 2014-10-01 19:14:58 ORDER_QTY=1
1270011412180098 LiveUpdate 2014-10-01 19:14:58 ORDER_QTY=2
1270011412180098 LiveUpdate 2014-10-01 19:14:58 ORDER_VAT=0
1270011412180098 LiveUpdate 2014-10-01 19:14:58 ORDER_VAT=0
1270011412180098 LiveUpdate 2014-10-01 19:14:58 PRICES_CURRENCY=HUF
1270011412180098 LiveUpdate 2014-10-01 19:14:58 ORDER_SHIPPING=0
1270011412180098 LiveUpdate 2014-10-01 19:14:58 DISCOUNT=200
1270011412180098 LiveUpdate 2014-10-01 19:14:58 PAY_METHOD=
1270011412180098 LiveUpdate 2014-10-01 19:14:58 LANGUAGE=HU
1270011412180098 LiveUpdate 2014-10-01 19:14:58 AUTOMODE=0
1270011412180098 LiveUpdate 2014-10-01 19:14:58 ORDER_TIMEOUT=900
1270011412180098 LiveUpdate 2014-10-01 19:14:58 TIMEOUT_URL=http://goodiebox.priv/timeout.php
1270011412180098 LiveUpdate 2014-10-01 19:14:58 BACK_REF=http://goodiebox.priv/backref.php
1270011412180098 LiveUpdate 2014-10-01 19:14:58 BILL_FNAME=PayU
1270011412180098 LiveUpdate 2014-10-01 19:14:58 BILL_LNAME=Tester
1270011412180098 LiveUpdate 2014-10-01 19:14:58 BILL_EMAIL=payu.tester@example.com
1270011412180098 LiveUpdate 2014-10-01 19:14:58 BILL_PHONE=36201234567
1270011412180098 LiveUpdate 2014-10-01 19:14:58 BILL_ADDRESS=First line address
1270011412180098 LiveUpdate 2014-10-01 19:14:58 BILL_ADDRESS2=Second line address
1270011412180098 LiveUpdate 2014-10-01 19:14:58 BILL_ZIPCODE=1234
1270011412180098 LiveUpdate 2014-10-01 19:14:58 BILL_CITY=City
1270011412180098 LiveUpdate 2014-10-01 19:14:58 BILL_STATE=State
1270011412180098 LiveUpdate 2014-10-01 19:14:58 BILL_COUNTRYCODE=HU
1270011412180098 LiveUpdate 2014-10-01 19:14:58 DELIVERY_FNAME=PayU
1270011412180098 LiveUpdate 2014-10-01 19:14:58 DELIVERY_LNAME=Tester
1270011412180098 LiveUpdate 2014-10-01 19:14:58 DELIVERY_PHONE=36201234567
1270011412180098 LiveUpdate 2014-10-01 19:14:58 DELIVERY_ADDRESS=First line address
1270011412180098 LiveUpdate 2014-10-01 19:14:58 DELIVERY_ADDRESS2=Second line address
1270011412180098 LiveUpdate 2014-10-01 19:14:58 DELIVERY_ZIPCODE=1234
1270011412180098 LiveUpdate 2014-10-01 19:14:58 DELIVERY_CITY=City
1270011412180098 LiveUpdate 2014-10-01 19:14:58 DELIVERY_STATE=State
1270011412180098 LiveUpdate 2014-10-01 19:14:58 DELIVERY_COUNTRYCODE=HU
1270011412180098 LiveUpdate 2014-10-01 19:14:58 ORDER_HASH=0ca6268d86cdd63333a4c641f380d326
1270011412180200 LiveUpdate 2014-10-01 19:16:40 MERCHANT=P120701
1270011412180200 LiveUpdate 2014-10-01 19:16:40 ORDER_REF=1270011412180200
1270011412180200 LiveUpdate 2014-10-01 19:16:40 ORDER_DATE=2014-10-01 19:16:40
1270011412180200 LiveUpdate 2014-10-01 19:16:40 ORDER_PNAME=Lorem 1
1270011412180200 LiveUpdate 2014-10-01 19:16:40 ORDER_PNAME=Duis 2
1270011412180200 LiveUpdate 2014-10-01 19:16:40 ORDER_PCODE=sku0001
1270011412180200 LiveUpdate 2014-10-01 19:16:40 ORDER_PCODE=sku0002
1270011412180200 LiveUpdate 2014-10-01 19:16:40 ORDER_PINFO=Lorem ipsum dolor sit amet
1270011412180200 LiveUpdate 2014-10-01 19:16:40 ORDER_PINFO=Duis aute irure dolor
1270011412180200 LiveUpdate 2014-10-01 19:16:40 ORDER_PRICE=1311
1270011412180200 LiveUpdate 2014-10-01 19:16:40 ORDER_PRICE=1123
1270011412180200 LiveUpdate 2014-10-01 19:16:40 ORDER_QTY=1
1270011412180200 LiveUpdate 2014-10-01 19:16:40 ORDER_QTY=2
1270011412180200 LiveUpdate 2014-10-01 19:16:40 ORDER_VAT=0
1270011412180200 LiveUpdate 2014-10-01 19:16:40 ORDER_VAT=0
1270011412180200 LiveUpdate 2014-10-01 19:16:40 PRICES_CURRENCY=HUF
1270011412180200 LiveUpdate 2014-10-01 19:16:40 ORDER_SHIPPING=0
1270011412180200 LiveUpdate 2014-10-01 19:16:40 DISCOUNT=200
1270011412180200 LiveUpdate 2014-10-01 19:16:40 PAY_METHOD=
1270011412180200 LiveUpdate 2014-10-01 19:16:40 LANGUAGE=HU
1270011412180200 LiveUpdate 2014-10-01 19:16:40 AUTOMODE=0
1270011412180200 LiveUpdate 2014-10-01 19:16:40 ORDER_TIMEOUT=900
1270011412180200 LiveUpdate 2014-10-01 19:16:40 TIMEOUT_URL=http://goodiebox.priv/payu/timeout.php
1270011412180200 LiveUpdate 2014-10-01 19:16:40 BACK_REF=http://goodiebox.priv/payu/backref.php
1270011412180200 LiveUpdate 2014-10-01 19:16:40 BILL_FNAME=PayU
1270011412180200 LiveUpdate 2014-10-01 19:16:40 BILL_LNAME=Tester
1270011412180200 LiveUpdate 2014-10-01 19:16:40 BILL_EMAIL=payu.tester@example.com
1270011412180200 LiveUpdate 2014-10-01 19:16:40 BILL_PHONE=36201234567
1270011412180200 LiveUpdate 2014-10-01 19:16:40 BILL_ADDRESS=First line address
1270011412180200 LiveUpdate 2014-10-01 19:16:40 BILL_ADDRESS2=Second line address
1270011412180200 LiveUpdate 2014-10-01 19:16:40 BILL_ZIPCODE=1234
1270011412180200 LiveUpdate 2014-10-01 19:16:40 BILL_CITY=City
1270011412180200 LiveUpdate 2014-10-01 19:16:40 BILL_STATE=State
1270011412180200 LiveUpdate 2014-10-01 19:16:40 BILL_COUNTRYCODE=HU
1270011412180200 LiveUpdate 2014-10-01 19:16:40 DELIVERY_FNAME=PayU
1270011412180200 LiveUpdate 2014-10-01 19:16:40 DELIVERY_LNAME=Tester
1270011412180200 LiveUpdate 2014-10-01 19:16:40 DELIVERY_PHONE=36201234567
1270011412180200 LiveUpdate 2014-10-01 19:16:40 DELIVERY_ADDRESS=First line address
1270011412180200 LiveUpdate 2014-10-01 19:16:40 DELIVERY_ADDRESS2=Second line address
1270011412180200 LiveUpdate 2014-10-01 19:16:40 DELIVERY_ZIPCODE=1234
1270011412180200 LiveUpdate 2014-10-01 19:16:40 DELIVERY_CITY=City
1270011412180200 LiveUpdate 2014-10-01 19:16:40 DELIVERY_STATE=State
1270011412180200 LiveUpdate 2014-10-01 19:16:40 DELIVERY_COUNTRYCODE=HU
1270011412180200 LiveUpdate 2014-10-01 19:16:40 ORDER_HASH=f0a01c01edd0f7cd36c02e0ec6c0164b
1270011412180263 LiveUpdate 2014-10-01 19:17:43 MERCHANT=P120701
1270011412180263 LiveUpdate 2014-10-01 19:17:43 ORDER_REF=1270011412180263
1270011412180263 LiveUpdate 2014-10-01 19:17:43 ORDER_DATE=2014-10-01 19:17:43
1270011412180263 LiveUpdate 2014-10-01 19:17:43 ORDER_PNAME=Lorem 1
1270011412180263 LiveUpdate 2014-10-01 19:17:43 ORDER_PNAME=Duis 2
1270011412180263 LiveUpdate 2014-10-01 19:17:43 ORDER_PCODE=sku0001
1270011412180263 LiveUpdate 2014-10-01 19:17:43 ORDER_PCODE=sku0002
1270011412180263 LiveUpdate 2014-10-01 19:17:43 ORDER_PINFO=Lorem ipsum dolor sit amet
1270011412180263 LiveUpdate 2014-10-01 19:17:43 ORDER_PINFO=Duis aute irure dolor
1270011412180263 LiveUpdate 2014-10-01 19:17:43 ORDER_PRICE=1311
1270011412180263 LiveUpdate 2014-10-01 19:17:43 ORDER_PRICE=1123
1270011412180263 LiveUpdate 2014-10-01 19:17:43 ORDER_QTY=1
1270011412180263 LiveUpdate 2014-10-01 19:17:43 ORDER_QTY=2
1270011412180263 LiveUpdate 2014-10-01 19:17:43 ORDER_VAT=0
1270011412180263 LiveUpdate 2014-10-01 19:17:43 ORDER_VAT=0
1270011412180263 LiveUpdate 2014-10-01 19:17:43 PRICES_CURRENCY=HUF
1270011412180263 LiveUpdate 2014-10-01 19:17:43 ORDER_SHIPPING=0
1270011412180263 LiveUpdate 2014-10-01 19:17:43 DISCOUNT=200
1270011412180263 LiveUpdate 2014-10-01 19:17:43 PAY_METHOD=
1270011412180263 LiveUpdate 2014-10-01 19:17:43 LANGUAGE=HU
1270011412180263 LiveUpdate 2014-10-01 19:17:43 AUTOMODE=0
1270011412180263 LiveUpdate 2014-10-01 19:17:43 ORDER_TIMEOUT=900
1270011412180263 LiveUpdate 2014-10-01 19:17:43 TIMEOUT_URL=http://goodiebox.priv/payu/timeout.php
1270011412180263 LiveUpdate 2014-10-01 19:17:43 BACK_REF=http://goodiebox.priv/payu/backref.php
1270011412180263 LiveUpdate 2014-10-01 19:17:43 BILL_FNAME=PayU
1270011412180263 LiveUpdate 2014-10-01 19:17:43 BILL_LNAME=Tester
1270011412180263 LiveUpdate 2014-10-01 19:17:43 BILL_EMAIL=payu.tester@example.com
1270011412180263 LiveUpdate 2014-10-01 19:17:43 BILL_PHONE=36201234567
1270011412180263 LiveUpdate 2014-10-01 19:17:43 BILL_ADDRESS=First line address
1270011412180263 LiveUpdate 2014-10-01 19:17:43 BILL_ADDRESS2=Second line address
1270011412180263 LiveUpdate 2014-10-01 19:17:43 BILL_ZIPCODE=1234
1270011412180263 LiveUpdate 2014-10-01 19:17:43 BILL_CITY=City
1270011412180263 LiveUpdate 2014-10-01 19:17:43 BILL_STATE=State
1270011412180263 LiveUpdate 2014-10-01 19:17:43 BILL_COUNTRYCODE=HU
1270011412180263 LiveUpdate 2014-10-01 19:17:43 DELIVERY_FNAME=PayU
1270011412180263 LiveUpdate 2014-10-01 19:17:43 DELIVERY_LNAME=Tester
1270011412180263 LiveUpdate 2014-10-01 19:17:43 DELIVERY_PHONE=36201234567
1270011412180263 LiveUpdate 2014-10-01 19:17:43 DELIVERY_ADDRESS=First line address
1270011412180263 LiveUpdate 2014-10-01 19:17:43 DELIVERY_ADDRESS2=Second line address
1270011412180263 LiveUpdate 2014-10-01 19:17:43 DELIVERY_ZIPCODE=1234
1270011412180263 LiveUpdate 2014-10-01 19:17:43 DELIVERY_CITY=City
1270011412180263 LiveUpdate 2014-10-01 19:17:43 DELIVERY_STATE=State
1270011412180263 LiveUpdate 2014-10-01 19:17:43 DELIVERY_COUNTRYCODE=HU
1270011412180263 LiveUpdate 2014-10-01 19:17:43 ORDER_HASH=f4dfff8d800cc323c602e779e1dd4cdd
1270011412180274 LiveUpdate 2014-10-01 19:17:54 MERCHANT=P120701
1270011412180274 LiveUpdate 2014-10-01 19:17:54 ORDER_REF=1270011412180274
1270011412180274 LiveUpdate 2014-10-01 19:17:54 ORDER_DATE=2014-10-01 19:17:54
1270011412180274 LiveUpdate 2014-10-01 19:17:54 ORDER_PNAME=Lorem 1
1270011412180274 LiveUpdate 2014-10-01 19:17:54 ORDER_PNAME=Duis 2
1270011412180274 LiveUpdate 2014-10-01 19:17:54 ORDER_PCODE=sku0001
1270011412180274 LiveUpdate 2014-10-01 19:17:54 ORDER_PCODE=sku0002
1270011412180274 LiveUpdate 2014-10-01 19:17:54 ORDER_PINFO=Lorem ipsum dolor sit amet
1270011412180274 LiveUpdate 2014-10-01 19:17:54 ORDER_PINFO=Duis aute irure dolor
1270011412180274 LiveUpdate 2014-10-01 19:17:54 ORDER_PRICE=1311
1270011412180274 LiveUpdate 2014-10-01 19:17:54 ORDER_PRICE=1123
1270011412180274 LiveUpdate 2014-10-01 19:17:54 ORDER_QTY=1
1270011412180274 LiveUpdate 2014-10-01 19:17:54 ORDER_QTY=2
1270011412180274 LiveUpdate 2014-10-01 19:17:54 ORDER_VAT=0
1270011412180274 LiveUpdate 2014-10-01 19:17:54 ORDER_VAT=0
1270011412180274 LiveUpdate 2014-10-01 19:17:54 PRICES_CURRENCY=HUF
1270011412180274 LiveUpdate 2014-10-01 19:17:54 ORDER_SHIPPING=0
1270011412180274 LiveUpdate 2014-10-01 19:17:54 DISCOUNT=200
1270011412180274 LiveUpdate 2014-10-01 19:17:54 PAY_METHOD=CCVISAMC
1270011412180274 LiveUpdate 2014-10-01 19:17:54 LANGUAGE=HU
1270011412180274 LiveUpdate 2014-10-01 19:17:54 AUTOMODE=1
1270011412180274 LiveUpdate 2014-10-01 19:17:54 ORDER_TIMEOUT=900
1270011412180274 LiveUpdate 2014-10-01 19:17:54 TIMEOUT_URL=http://goodiebox.priv/payu/timeout.php
1270011412180274 LiveUpdate 2014-10-01 19:17:54 BACK_REF=http://goodiebox.priv/payu/backref.php
1270011412180274 LiveUpdate 2014-10-01 19:17:54 BILL_FNAME=PayU
1270011412180274 LiveUpdate 2014-10-01 19:17:54 BILL_LNAME=Tester
1270011412180274 LiveUpdate 2014-10-01 19:17:54 BILL_EMAIL=payu.tester@example.com
1270011412180274 LiveUpdate 2014-10-01 19:17:54 BILL_PHONE=36201234567
1270011412180274 LiveUpdate 2014-10-01 19:17:54 BILL_ADDRESS=First line address
1270011412180274 LiveUpdate 2014-10-01 19:17:54 BILL_ADDRESS2=Second line address
1270011412180274 LiveUpdate 2014-10-01 19:17:54 BILL_ZIPCODE=1234
1270011412180274 LiveUpdate 2014-10-01 19:17:54 BILL_CITY=City
1270011412180274 LiveUpdate 2014-10-01 19:17:54 BILL_STATE=State
1270011412180274 LiveUpdate 2014-10-01 19:17:54 BILL_COUNTRYCODE=HU
1270011412180274 LiveUpdate 2014-10-01 19:17:54 DELIVERY_FNAME=PayU
1270011412180274 LiveUpdate 2014-10-01 19:17:54 DELIVERY_LNAME=Tester
1270011412180274 LiveUpdate 2014-10-01 19:17:54 DELIVERY_PHONE=36201234567
1270011412180274 LiveUpdate 2014-10-01 19:17:54 DELIVERY_ADDRESS=First line address
1270011412180274 LiveUpdate 2014-10-01 19:17:54 DELIVERY_ADDRESS2=Second line address
1270011412180274 LiveUpdate 2014-10-01 19:17:54 DELIVERY_ZIPCODE=1234
1270011412180274 LiveUpdate 2014-10-01 19:17:54 DELIVERY_CITY=City
1270011412180274 LiveUpdate 2014-10-01 19:17:54 DELIVERY_STATE=State
1270011412180274 LiveUpdate 2014-10-01 19:17:54 DELIVERY_COUNTRYCODE=HU
1270011412180274 LiveUpdate 2014-10-01 19:17:54 ORDER_HASH=70afaf1cc605e0931564268dab1c3929
1270011412180419 LiveUpdate 2014-10-01 19:20:19 MERCHANT=P120701
1270011412180419 LiveUpdate 2014-10-01 19:20:19 ORDER_REF=1270011412180419
1270011412180419 LiveUpdate 2014-10-01 19:20:19 ORDER_DATE=2014-10-01 19:20:19
1270011412180419 LiveUpdate 2014-10-01 19:20:19 ORDER_PNAME=Lorem 1
1270011412180419 LiveUpdate 2014-10-01 19:20:19 ORDER_PNAME=Duis 2
1270011412180419 LiveUpdate 2014-10-01 19:20:19 ORDER_PCODE=sku0001
1270011412180419 LiveUpdate 2014-10-01 19:20:19 ORDER_PCODE=sku0002
1270011412180419 LiveUpdate 2014-10-01 19:20:19 ORDER_PINFO=Lorem ipsum dolor sit amet
1270011412180419 LiveUpdate 2014-10-01 19:20:19 ORDER_PINFO=Duis aute irure dolor
1270011412180419 LiveUpdate 2014-10-01 19:20:19 ORDER_PRICE=1311
1270011412180419 LiveUpdate 2014-10-01 19:20:19 ORDER_PRICE=1123
1270011412180419 LiveUpdate 2014-10-01 19:20:19 ORDER_QTY=1
1270011412180419 LiveUpdate 2014-10-01 19:20:19 ORDER_QTY=2
1270011412180419 LiveUpdate 2014-10-01 19:20:19 ORDER_VAT=0
1270011412180419 LiveUpdate 2014-10-01 19:20:19 ORDER_VAT=0
1270011412180419 LiveUpdate 2014-10-01 19:20:19 PRICES_CURRENCY=HUF
1270011412180419 LiveUpdate 2014-10-01 19:20:19 ORDER_SHIPPING=0
1270011412180419 LiveUpdate 2014-10-01 19:20:19 DISCOUNT=200
1270011412180419 LiveUpdate 2014-10-01 19:20:19 PAY_METHOD=
1270011412180419 LiveUpdate 2014-10-01 19:20:19 LANGUAGE=EN
1270011412180419 LiveUpdate 2014-10-01 19:20:19 AUTOMODE=0
1270011412180419 LiveUpdate 2014-10-01 19:20:19 ORDER_TIMEOUT=3600
1270011412180419 LiveUpdate 2014-10-01 19:20:19 TIMEOUT_URL=http://goodiebox.priv/payu/timeout.php
1270011412180419 LiveUpdate 2014-10-01 19:20:19 BACK_REF=http://goodiebox.priv/payu/backref.php
1270011412180419 LiveUpdate 2014-10-01 19:20:19 BILL_FNAME=PayU
1270011412180419 LiveUpdate 2014-10-01 19:20:19 BILL_LNAME=Tester
1270011412180419 LiveUpdate 2014-10-01 19:20:19 BILL_EMAIL=payu.tester@example.com
1270011412180419 LiveUpdate 2014-10-01 19:20:19 BILL_PHONE=36201234567
1270011412180419 LiveUpdate 2014-10-01 19:20:19 BILL_ADDRESS=First line address
1270011412180419 LiveUpdate 2014-10-01 19:20:19 BILL_ADDRESS2=Second line address
1270011412180419 LiveUpdate 2014-10-01 19:20:19 BILL_ZIPCODE=1234
1270011412180419 LiveUpdate 2014-10-01 19:20:19 BILL_CITY=City
1270011412180419 LiveUpdate 2014-10-01 19:20:19 BILL_STATE=State
1270011412180419 LiveUpdate 2014-10-01 19:20:19 BILL_COUNTRYCODE=HU
1270011412180419 LiveUpdate 2014-10-01 19:20:19 DELIVERY_FNAME=PayU
1270011412180419 LiveUpdate 2014-10-01 19:20:19 DELIVERY_LNAME=Tester
1270011412180419 LiveUpdate 2014-10-01 19:20:19 DELIVERY_PHONE=36201234567
1270011412180419 LiveUpdate 2014-10-01 19:20:19 DELIVERY_ADDRESS=First line address
1270011412180419 LiveUpdate 2014-10-01 19:20:19 DELIVERY_ADDRESS2=Second line address
1270011412180419 LiveUpdate 2014-10-01 19:20:19 DELIVERY_ZIPCODE=1234
1270011412180419 LiveUpdate 2014-10-01 19:20:19 DELIVERY_CITY=City
1270011412180419 LiveUpdate 2014-10-01 19:20:19 DELIVERY_STATE=State
1270011412180419 LiveUpdate 2014-10-01 19:20:19 DELIVERY_COUNTRYCODE=HU
1270011412180419 LiveUpdate 2014-10-01 19:20:19 ORDER_HASH=0b82b870ab73c7a0bdac9679b1536fa2
1270011412180421 LiveUpdate 2014-10-01 19:20:21 MERCHANT=P120701
1270011412180421 LiveUpdate 2014-10-01 19:20:21 ORDER_REF=1270011412180421
1270011412180421 LiveUpdate 2014-10-01 19:20:21 ORDER_DATE=2014-10-01 19:20:21
1270011412180421 LiveUpdate 2014-10-01 19:20:21 ORDER_PNAME=Lorem 1
1270011412180421 LiveUpdate 2014-10-01 19:20:21 ORDER_PNAME=Duis 2
1270011412180421 LiveUpdate 2014-10-01 19:20:21 ORDER_PCODE=sku0001
1270011412180421 LiveUpdate 2014-10-01 19:20:21 ORDER_PCODE=sku0002
1270011412180421 LiveUpdate 2014-10-01 19:20:21 ORDER_PINFO=Lorem ipsum dolor sit amet
1270011412180421 LiveUpdate 2014-10-01 19:20:21 ORDER_PINFO=Duis aute irure dolor
1270011412180421 LiveUpdate 2014-10-01 19:20:21 ORDER_PRICE=1311
1270011412180421 LiveUpdate 2014-10-01 19:20:21 ORDER_PRICE=1123
1270011412180421 LiveUpdate 2014-10-01 19:20:21 ORDER_QTY=1
1270011412180421 LiveUpdate 2014-10-01 19:20:21 ORDER_QTY=2
1270011412180421 LiveUpdate 2014-10-01 19:20:21 ORDER_VAT=0
1270011412180421 LiveUpdate 2014-10-01 19:20:21 ORDER_VAT=0
1270011412180421 LiveUpdate 2014-10-01 19:20:21 PRICES_CURRENCY=HUF
1270011412180421 LiveUpdate 2014-10-01 19:20:21 ORDER_SHIPPING=0
1270011412180421 LiveUpdate 2014-10-01 19:20:21 DISCOUNT=200
1270011412180421 LiveUpdate 2014-10-01 19:20:21 PAY_METHOD=
1270011412180421 LiveUpdate 2014-10-01 19:20:21 LANGUAGE=EN
1270011412180421 LiveUpdate 2014-10-01 19:20:21 AUTOMODE=0
1270011412180421 LiveUpdate 2014-10-01 19:20:21 ORDER_TIMEOUT=3600
1270011412180421 LiveUpdate 2014-10-01 19:20:21 TIMEOUT_URL=http://goodiebox.priv/payu/timeout.php
1270011412180421 LiveUpdate 2014-10-01 19:20:21 BACK_REF=http://goodiebox.priv/payu/backref.php
1270011412180421 LiveUpdate 2014-10-01 19:20:21 BILL_FNAME=PayU
1270011412180421 LiveUpdate 2014-10-01 19:20:21 BILL_LNAME=Tester
1270011412180421 LiveUpdate 2014-10-01 19:20:21 BILL_EMAIL=payu.tester@example.com
1270011412180421 LiveUpdate 2014-10-01 19:20:21 BILL_PHONE=36201234567
1270011412180421 LiveUpdate 2014-10-01 19:20:21 BILL_ADDRESS=First line address
1270011412180421 LiveUpdate 2014-10-01 19:20:21 BILL_ADDRESS2=Second line address
1270011412180421 LiveUpdate 2014-10-01 19:20:21 BILL_ZIPCODE=1234
1270011412180421 LiveUpdate 2014-10-01 19:20:21 BILL_CITY=City
1270011412180421 LiveUpdate 2014-10-01 19:20:21 BILL_STATE=State
1270011412180421 LiveUpdate 2014-10-01 19:20:21 BILL_COUNTRYCODE=HU
1270011412180421 LiveUpdate 2014-10-01 19:20:21 DELIVERY_FNAME=PayU
1270011412180421 LiveUpdate 2014-10-01 19:20:21 DELIVERY_LNAME=Tester
1270011412180421 LiveUpdate 2014-10-01 19:20:21 DELIVERY_PHONE=36201234567
1270011412180421 LiveUpdate 2014-10-01 19:20:21 DELIVERY_ADDRESS=First line address
1270011412180421 LiveUpdate 2014-10-01 19:20:21 DELIVERY_ADDRESS2=Second line address
1270011412180421 LiveUpdate 2014-10-01 19:20:21 DELIVERY_ZIPCODE=1234
1270011412180421 LiveUpdate 2014-10-01 19:20:21 DELIVERY_CITY=City
1270011412180421 LiveUpdate 2014-10-01 19:20:21 DELIVERY_STATE=State
1270011412180421 LiveUpdate 2014-10-01 19:20:21 DELIVERY_COUNTRYCODE=HU
1270011412180421 LiveUpdate 2014-10-01 19:20:21 ORDER_HASH=68c5a533ffdc26a2923cfb73bf866a26
1270011412180424 LiveUpdate 2014-10-01 19:20:24 MERCHANT=P120701
1270011412180424 LiveUpdate 2014-10-01 19:20:24 ORDER_REF=1270011412180424
1270011412180424 LiveUpdate 2014-10-01 19:20:24 ORDER_DATE=2014-10-01 19:20:24
1270011412180424 LiveUpdate 2014-10-01 19:20:24 ORDER_PNAME=Lorem 1
1270011412180424 LiveUpdate 2014-10-01 19:20:24 ORDER_PNAME=Duis 2
1270011412180424 LiveUpdate 2014-10-01 19:20:24 ORDER_PCODE=sku0001
1270011412180424 LiveUpdate 2014-10-01 19:20:24 ORDER_PCODE=sku0002
1270011412180424 LiveUpdate 2014-10-01 19:20:24 ORDER_PINFO=Lorem ipsum dolor sit amet
1270011412180424 LiveUpdate 2014-10-01 19:20:24 ORDER_PINFO=Duis aute irure dolor
1270011412180424 LiveUpdate 2014-10-01 19:20:24 ORDER_PRICE=1311
1270011412180424 LiveUpdate 2014-10-01 19:20:24 ORDER_PRICE=1123
1270011412180424 LiveUpdate 2014-10-01 19:20:24 ORDER_QTY=1
1270011412180424 LiveUpdate 2014-10-01 19:20:24 ORDER_QTY=2
1270011412180424 LiveUpdate 2014-10-01 19:20:24 ORDER_VAT=0
1270011412180424 LiveUpdate 2014-10-01 19:20:24 ORDER_VAT=0
1270011412180424 LiveUpdate 2014-10-01 19:20:24 PRICES_CURRENCY=HUF
1270011412180424 LiveUpdate 2014-10-01 19:20:24 ORDER_SHIPPING=0
1270011412180424 LiveUpdate 2014-10-01 19:20:24 DISCOUNT=200
1270011412180424 LiveUpdate 2014-10-01 19:20:24 PAY_METHOD=CCVISAMC
1270011412180424 LiveUpdate 2014-10-01 19:20:24 LANGUAGE=EN
1270011412180424 LiveUpdate 2014-10-01 19:20:24 AUTOMODE=1
1270011412180424 LiveUpdate 2014-10-01 19:20:24 ORDER_TIMEOUT=3600
1270011412180424 LiveUpdate 2014-10-01 19:20:24 TIMEOUT_URL=http://goodiebox.priv/payu/timeout.php
1270011412180424 LiveUpdate 2014-10-01 19:20:24 BACK_REF=http://goodiebox.priv/payu/backref.php
1270011412180424 LiveUpdate 2014-10-01 19:20:24 BILL_FNAME=PayU
1270011412180424 LiveUpdate 2014-10-01 19:20:24 BILL_LNAME=Tester
1270011412180424 LiveUpdate 2014-10-01 19:20:24 BILL_EMAIL=payu.tester@example.com
1270011412180424 LiveUpdate 2014-10-01 19:20:24 BILL_PHONE=36201234567
1270011412180424 LiveUpdate 2014-10-01 19:20:24 BILL_ADDRESS=First line address
1270011412180424 LiveUpdate 2014-10-01 19:20:24 BILL_ADDRESS2=Second line address
1270011412180424 LiveUpdate 2014-10-01 19:20:24 BILL_ZIPCODE=1234
1270011412180424 LiveUpdate 2014-10-01 19:20:24 BILL_CITY=City
1270011412180424 LiveUpdate 2014-10-01 19:20:24 BILL_STATE=State
1270011412180424 LiveUpdate 2014-10-01 19:20:24 BILL_COUNTRYCODE=HU
1270011412180424 LiveUpdate 2014-10-01 19:20:24 DELIVERY_FNAME=PayU
1270011412180424 LiveUpdate 2014-10-01 19:20:24 DELIVERY_LNAME=Tester
1270011412180424 LiveUpdate 2014-10-01 19:20:24 DELIVERY_PHONE=36201234567
1270011412180424 LiveUpdate 2014-10-01 19:20:24 DELIVERY_ADDRESS=First line address
1270011412180424 LiveUpdate 2014-10-01 19:20:24 DELIVERY_ADDRESS2=Second line address
1270011412180424 LiveUpdate 2014-10-01 19:20:24 DELIVERY_ZIPCODE=1234
1270011412180424 LiveUpdate 2014-10-01 19:20:24 DELIVERY_CITY=City
1270011412180424 LiveUpdate 2014-10-01 19:20:24 DELIVERY_STATE=State
1270011412180424 LiveUpdate 2014-10-01 19:20:24 DELIVERY_COUNTRYCODE=HU
1270011412180424 LiveUpdate 2014-10-01 19:20:24 ORDER_HASH=60c611a573773e917b6dc52c78ecc90f
1270011412180424 BackRef 2014-10-01 19:21:27 order_ref=1270011412180424
1270011412180424 BackRef 2014-10-01 19:21:27 RC=000
1270011412180424 BackRef 2014-10-01 19:21:27 RT=000 - Approved balances available | SIKER
1270011412180424 BackRef 2014-10-01 19:21:27 3dsecure=NO
1270011412180424 BackRef 2014-10-01 19:21:27 date=2014-10-01 18:21:27
1270011412180424 BackRef 2014-10-01 19:21:27 payrefno=12310968
1270011412180424 BackRef 2014-10-01 19:21:27 ctrl=9371b444c027a3d5680de195ab385ec0
1270011412180424 BackStatus 2014-10-01 19:21:48 BACKREF_DATE=2014-10-01 18:21:27
1270011412180424 BackStatus 2014-10-01 19:21:48 REFNOEXT=1270011412180424
1270011412180424 BackStatus 2014-10-01 19:21:48 PAYREFNO=12310968
1270011412180424 BackStatus 2014-10-01 19:21:48 ORDER_STATUS=IN_PROGRESS
1270011412180424 BackStatus 2014-10-01 19:21:48 PAYMETHOD=Visa/MasterCard/Eurocard
1270011412180721 LiveUpdate 2014-10-01 19:25:21 MERCHANT=P120701
1270011412180721 LiveUpdate 2014-10-01 19:25:21 ORDER_REF=1270011412180721
1270011412180721 LiveUpdate 2014-10-01 19:25:21 ORDER_DATE=2014-10-01 19:25:21
1270011412180721 LiveUpdate 2014-10-01 19:25:21 ORDER_PNAME=Lorem 1
1270011412180721 LiveUpdate 2014-10-01 19:25:21 ORDER_PNAME=Duis 2
1270011412180721 LiveUpdate 2014-10-01 19:25:21 ORDER_PCODE=sku0001
1270011412180721 LiveUpdate 2014-10-01 19:25:21 ORDER_PCODE=sku0002
1270011412180721 LiveUpdate 2014-10-01 19:25:21 ORDER_PINFO=Lorem ipsum dolor sit amet
1270011412180721 LiveUpdate 2014-10-01 19:25:21 ORDER_PINFO=Duis aute irure dolor
1270011412180721 LiveUpdate 2014-10-01 19:25:21 ORDER_PRICE=1311
1270011412180721 LiveUpdate 2014-10-01 19:25:21 ORDER_PRICE=1123
1270011412180721 LiveUpdate 2014-10-01 19:25:21 ORDER_QTY=1
1270011412180721 LiveUpdate 2014-10-01 19:25:21 ORDER_QTY=2
1270011412180721 LiveUpdate 2014-10-01 19:25:21 ORDER_VAT=0
1270011412180721 LiveUpdate 2014-10-01 19:25:21 ORDER_VAT=0
1270011412180721 LiveUpdate 2014-10-01 19:25:21 PRICES_CURRENCY=HUF
1270011412180721 LiveUpdate 2014-10-01 19:25:21 ORDER_SHIPPING=0
1270011412180721 LiveUpdate 2014-10-01 19:25:21 DISCOUNT=200
1270011412180721 LiveUpdate 2014-10-01 19:25:21 PAY_METHOD=CCVISAMC
1270011412180721 LiveUpdate 2014-10-01 19:25:21 LANGUAGE=EN
1270011412180721 LiveUpdate 2014-10-01 19:25:21 AUTOMODE=1
1270011412180721 LiveUpdate 2014-10-01 19:25:21 ORDER_TIMEOUT=3600
1270011412180721 LiveUpdate 2014-10-01 19:25:21 TIMEOUT_URL=http://goodiebox.priv/payu/timeout.php
1270011412180721 LiveUpdate 2014-10-01 19:25:21 BACK_REF=http://goodiebox.priv/payu/backref.php
1270011412180721 LiveUpdate 2014-10-01 19:25:21 BILL_FNAME=PayU
1270011412180721 LiveUpdate 2014-10-01 19:25:21 BILL_LNAME=Tester
1270011412180721 LiveUpdate 2014-10-01 19:25:21 BILL_EMAIL=payu.tester@example.com
1270011412180721 LiveUpdate 2014-10-01 19:25:21 BILL_PHONE=36201234567
1270011412180721 LiveUpdate 2014-10-01 19:25:21 BILL_ADDRESS=First line address
1270011412180721 LiveUpdate 2014-10-01 19:25:21 BILL_ADDRESS2=Second line address
1270011412180721 LiveUpdate 2014-10-01 19:25:21 BILL_ZIPCODE=1234
1270011412180721 LiveUpdate 2014-10-01 19:25:21 BILL_CITY=City
1270011412180721 LiveUpdate 2014-10-01 19:25:21 BILL_STATE=State
1270011412180721 LiveUpdate 2014-10-01 19:25:21 BILL_COUNTRYCODE=HU
1270011412180721 LiveUpdate 2014-10-01 19:25:21 DELIVERY_FNAME=PayU
1270011412180721 LiveUpdate 2014-10-01 19:25:21 DELIVERY_LNAME=Tester
1270011412180721 LiveUpdate 2014-10-01 19:25:21 DELIVERY_PHONE=36201234567
1270011412180721 LiveUpdate 2014-10-01 19:25:21 DELIVERY_ADDRESS=First line address
1270011412180721 LiveUpdate 2014-10-01 19:25:21 DELIVERY_ADDRESS2=Second line address
1270011412180721 LiveUpdate 2014-10-01 19:25:21 DELIVERY_ZIPCODE=1234
1270011412180721 LiveUpdate 2014-10-01 19:25:21 DELIVERY_CITY=City
1270011412180721 LiveUpdate 2014-10-01 19:25:21 DELIVERY_STATE=State
1270011412180721 LiveUpdate 2014-10-01 19:25:21 DELIVERY_COUNTRYCODE=HU
1270011412180721 LiveUpdate 2014-10-01 19:25:21 ORDER_HASH=677fbf7d3a8be7399ce128c69b56f1c1
